This file contains any messages produced by compilers while
running configure, to aid debugging if configure makes a mistake.

It was created by rtai configure 5.1, which was
generated by GNU Autoconf 2.69.  Invocation command line was

  $ /home/bruce/ubuntu-kernel/v4.4.115-rtai5.1/rtai-5.1/configure --build=x86_64-unknown-linux-gnu --host=x86_64-unknown-linux-gnu --with-kconfig-file=./.rtai_config --with-linux-dir= --prefix=/opt/rtai-5.1_v4.4.115

## --------- ##
## Platform. ##
## --------- ##

hostname = bruce-Lenovo-IdeaPad-V450
uname -m = x86_64
uname -r = 4.4.115-rtai-5.1+
uname -s = Linux
uname -v = #1 SMP Tue Apr 30 16:58:49 CST 2019

/usr/bin/uname -p = unknown
/bin/uname -X     = unknown

/bin/arch              = unknown
/usr/bin/arch -k       = unknown
/usr/convex/getsysinfo = unknown
/usr/bin/hostinfo      = unknown
/bin/machine           = unknown
/usr/bin/oslevel       = unknown
/bin/universe          = unknown

PATH: /opt/jdk9.0.1/bin
PATH: /home/bruce/linuxcnc-dev
PATH: /home/bruce/linuxcnc-dev/bin
PATH: /home/bruce/linuxcnc-dev/bin
PATH: /opt/eclipse
PATH: /opt/Xilinx/SDK/2016.2/gnu/aarch32/lin/gcc-arm-linux-gnueabi/bin
PATH: /opt/Xilinx/Vivado/2016.2/bin
PATH: /opt/Xilinx/SDK/2016.2/bin
PATH: /opt/Xilinx/SDK/2016.2/gnu/microblaze/lin/bin
PATH: /opt/Xilinx/SDK/2016.2/gnu/arm/lin/bin
PATH: /opt/glade3-3.8.6/bin
PATH: /opt/gnu-toolchain/gcc-linaro-4.9.4-2017.01-x86_64_aarch64-linux-gnu/bin
PATH: /opt/gnu-toolchain/gcc-linaro-5.4.1-2017.01-x86_64_arm-linux-gnueabihf/bin
PATH: /opt/gnu-toolchain/gcc-linaro-5.4.1-2017.01-x86_64_aarch64-elf/bin
PATH: /opt/gnu-toolchain/gcc-linaro-5.4.1-2017.01-x86_64_aarch64-linux-gnu/bin
PATH: /opt/gnu-toolchain/gcc-linaro-4.9.4-2017.01-x86_64_aarch64-elf/bin
PATH: /opt/gnu-toolchain/gcc-linaro-6.3.1-2017.02-x86_64_aarch64-elf/bin
PATH: /home/bruce/kernel/uboot_nanopi2/tools
PATH: /opt/gnu-toolchain/gcc-linaro-6.3.1-2017.02-x86_64_aarch64-linux-gnu/bin
PATH: /opt/FriendlyARM/toolchain/4.9.3/bin
PATH: /opt/gnu-toolchain/gcc-arm-none-eabi-4_9-2015q1/bin
PATH: /opt/gnu-toolchain/gcc-linaro-4.9.4-2017.01-x86_64_arm-eabi/bin
PATH: /opt/gnu-toolchain/arm-liuzq-eabi/bin
PATH: /opt/ct-ng/bin
PATH: /opt/gnu-toolchain/gcc-linaro-6.3.1-2017.02-x86_64_arm-eabi/bin
PATH: /opt/gnu-toolchain/arm-sylixos-cortex_a8-eabi/bin
PATH: /opt/gnu-toolchain/gcc-linaro-6.3.1-2017.02-x86_64_arm-linux-gnueabihf/bin
PATH: /opt/gnu-toolchain/gcc-arm-none-eabi-6-2017-q1-update/bin
PATH: /home/bruce/bin
PATH: /home/bruce/.local/bin
PATH: /usr/local/sbin
PATH: /usr/local/bin
PATH: /usr/sbin
PATH: /usr/bin
PATH: /sbin
PATH: /bin
PATH: /usr/games
PATH: /usr/local/games
PATH: /snap/bin


## ----------- ##
## Core tests. ##
## ----------- ##

configure:2670: checking build system type
configure:2684: result: x86_64-unknown-linux-gnu
configure:2704: checking host system type
configure:2717: result: x86_64-unknown-linux-gnu
configure:2751: checking for a BSD-compatible install
configure:2819: result: /usr/bin/install -c
configure:2860: checking for CROSS_COMPILE
configure:2862: result: 
configure:2873: checking for x86_64-unknown-linux-gnu-gcc
configure:2900: result: cc
configure:3169: checking for C compiler version
configure:3178: cc --version >&5
cc (Ubuntu 6.2.0-5ubuntu12) 6.2.0 20161005
Copyright (C) 2016 Free Software Foundation, Inc.
This is free software; see the source for copying conditions.  There is NO
warranty; not even for MERCHANTABILITY or FITNESS FOR A PARTICULAR PURPOSE.

configure:3189: $? = 0
configure:3178: cc -v >&5
Using built-in specs.
COLLECT_GCC=cc
COLLECT_LTO_WRAPPER=/usr/lib/gcc/x86_64-linux-gnu/6/lto-wrapper
Target: x86_64-linux-gnu
Configured with: ../src/configure -v --with-pkgversion='Ubuntu 6.2.0-5ubuntu12' --with-bugurl=file:///usr/share/doc/gcc-6/README.Bugs --enable-languages=c,ada,c++,java,go,d,fortran,objc,obj-c++ --prefix=/usr --program-suffix=-6 --program-prefix=x86_64-linux-gnu- --enable-shared --enable-linker-build-id --libexecdir=/usr/lib --without-included-gettext --enable-threads=posix --libdir=/usr/lib --enable-nls --with-sysroot=/ --enable-clocale=gnu --enable-libstdcxx-debug --enable-libstdcxx-time=yes --with-default-libstdcxx-abi=new --enable-gnu-unique-object --disable-vtable-verify --enable-libmpx --enable-plugin --enable-default-pie --with-system-zlib --disable-browser-plugin --enable-java-awt=gtk --enable-gtk-cairo --with-java-home=/usr/lib/jvm/java-1.5.0-gcj-6-amd64/jre --enable-java-home --with-jvm-root-dir=/usr/lib/jvm/java-1.5.0-gcj-6-amd64 --with-jvm-jar-dir=/usr/lib/jvm-exports/java-1.5.0-gcj-6-amd64 --with-arch-directory=amd64 --with-ecj-jar=/usr/share/java/eclipse-ecj.jar --enable-objc-gc --enable-multiarch --disable-werror --with-arch-32=i686 --with-abi=m64 --with-multilib-list=m32,m64,mx32 --enable-multilib --with-tune=generic --enable-checking=release --build=x86_64-linux-gnu --host=x86_64-linux-gnu --target=x86_64-linux-gnu
Thread model: posix
gcc version 6.2.0 20161005 (Ubuntu 6.2.0-5ubuntu12) 
configure:3189: $? = 0
configure:3178: cc -V >&5
cc: error: unrecognized command line option '-V'
cc: fatal error: no input files
compilation terminated.
configure:3189: $? = 1
configure:3178: cc -qversion >&5
cc: error: unrecognized command line option '-qversion'; did you mean '--version'?
cc: fatal error: no input files
compilation terminated.
configure:3189: $? = 1
configure:3209: checking whether the C compiler works
configure:3231: cc    conftest.c  >&5
configure:3235: $? = 0
configure:3283: result: yes
configure:3286: checking for C compiler default output file name
configure:3288: result: a.out
configure:3294: checking for suffix of executables
configure:3301: cc -o conftest    conftest.c  >&5
configure:3305: $? = 0
configure:3327: result: 
configure:3349: checking whether we are cross compiling
configure:3357: cc -o conftest    conftest.c  >&5
configure:3361: $? = 0
configure:3368: ./conftest
configure:3372: $? = 0
configure:3387: result: no
configure:3392: checking for suffix of object files
configure:3414: cc -c   conftest.c >&5
configure:3418: $? = 0
configure:3439: result: o
configure:3443: checking whether we are using the GNU C compiler
configure:3462: cc -c   conftest.c >&5
configure:3462: $? = 0
configure:3471: result: yes
configure:3480: checking whether cc accepts -g
configure:3500: cc -c -g  conftest.c >&5
configure:3500: $? = 0
configure:3541: result: yes
configure:3558: checking for cc option to accept ISO C89
configure:3621: cc  -c -g -O2  conftest.c >&5
configure:3621: $? = 0
configure:3634: result: none needed
configure:3662: checking whether cc understands -c and -o together
configure:3684: cc -c conftest.c -o conftest2.o
configure:3687: $? = 0
configure:3684: cc -c conftest.c -o conftest2.o
configure:3687: $? = 0
configure:3699: result: yes
configure:3841: checking for C++ compiler version
configure:3850: g++ --version >&5
g++ (GCC) 8.3.0
Copyright (C) 2018 Free Software Foundation, Inc.
This is free software; see the source for copying conditions.  There is NO
warranty; not even for MERCHANTABILITY or FITNESS FOR A PARTICULAR PURPOSE.

configure:3861: $? = 0
configure:3850: g++ -v >&5
Using built-in specs.
COLLECT_GCC=g++
COLLECT_LTO_WRAPPER=/usr/local/libexec/gcc/x86_64-pc-linux-gnu/8.3.0/lto-wrapper
Target: x86_64-pc-linux-gnu
Configured with: ../configure --enable-checking=release --enable-languages=c,c++ --disable-multilib
Thread model: posix
gcc version 8.3.0 (GCC) 
configure:3861: $? = 0
configure:3850: g++ -V >&5
g++: error: unrecognized command line option '-V'
g++: fatal error: no input files
compilation terminated.
configure:3861: $? = 1
configure:3850: g++ -qversion >&5
g++: error: unrecognized command line option '-qversion'; did you mean '--version'?
g++: fatal error: no input files
compilation terminated.
configure:3861: $? = 1
configure:3865: checking whether we are using the GNU C++ compiler
configure:3884: g++ -c   conftest.cpp >&5
configure:3884: $? = 0
configure:3893: result: yes
configure:3902: checking whether g++ accepts -g
configure:3922: g++ -c -g  conftest.cpp >&5
configure:3922: $? = 0
configure:3963: result: yes
configure:4008: checking whether build environment is sane
configure:4063: result: yes
configure:4098: WARNING: 'missing' script is too old or missing
configure:4211: checking for a thread-safe mkdir -p
configure:4250: result: /bin/mkdir -p
configure:4257: checking for gawk
configure:4273: found /usr/bin/gawk
configure:4284: result: gawk
configure:4295: checking whether make sets $(MAKE)
configure:4317: result: yes
configure:4347: checking for style of include used by make
configure:4375: result: GNU
configure:4409: checking whether make supports nested variables
configure:4426: result: yes
configure:4511: checking dependency style of cc
configure:4622: result: gcc3
configure:4639: checking dependency style of g++
configure:4750: result: gcc3
configure:4808: checking whether to enable maintainer-specific portions of Makefiles
configure:4817: result: no
configure:4876: checking how to print strings
configure:4903: result: printf
configure:4924: checking for a sed that does not truncate output
configure:4988: result: /bin/sed
configure:5006: checking for grep that handles long lines and -e
configure:5064: result: /bin/grep
configure:5069: checking for egrep
configure:5131: result: /bin/grep -E
configure:5136: checking for fgrep
configure:5198: result: /bin/grep -F
configure:5233: checking for ld used by cc
configure:5300: result: ld
configure:5307: checking if the linker (ld) is GNU ld
configure:5322: result: yes
configure:5334: checking for BSD- or MS-compatible name lister (nm)
configure:5383: result: nm
configure:5513: checking the name lister (nm) interface
configure:5520: cc -c   conftest.c >&5
configure:5523: nm "conftest.o"
configure:5526: output
0000000000000000 B some_variable
configure:5533: result: BSD nm
configure:5536: checking whether ln -s works
configure:5540: result: yes
configure:5548: checking the maximum length of command line arguments
configure:5679: result: 1572864
configure:5696: checking whether the shell understands some XSI constructs
configure:5706: result: yes
configure:5710: checking whether the shell understands "+="
configure:5716: result: yes
configure:5751: checking how to convert x86_64-unknown-linux-gnu file names to x86_64-unknown-linux-gnu format
configure:5791: result: func_convert_file_noop
configure:5798: checking how to convert x86_64-unknown-linux-gnu file names to toolchain format
configure:5818: result: func_convert_file_noop
configure:5825: checking for ld option to reload object files
configure:5832: result: -r
configure:5866: checking for x86_64-unknown-linux-gnu-objdump
configure:5896: result: no
configure:5906: checking for objdump
configure:5922: found /usr/bin/objdump
configure:5933: result: objdump
configure:5965: checking how to recognize dependent libraries
configure:6163: result: pass_all
configure:6208: checking for x86_64-unknown-linux-gnu-dlltool
configure:6238: result: no
configure:6248: checking for dlltool
configure:6278: result: no
configure:6308: checking how to associate runtime and link libraries
configure:6335: result: printf %s\n
configure:6352: checking for x86_64-unknown-linux-gnu-ar
configure:6379: result: ar
configure:6460: checking for archiver @FILE support
configure:6477: cc -c   conftest.c >&5
configure:6477: $? = 0
configure:6480: ar cru libconftest.a @conftest.lst >&5
ar: `u' modifier ignored since `D' is the default (see `U')
configure:6483: $? = 0
configure:6488: ar cru libconftest.a @conftest.lst >&5
ar: `u' modifier ignored since `D' is the default (see `U')
ar: conftest.o: No such file or directory
configure:6491: $? = 1
configure:6503: result: @
configure:6521: checking for x86_64-unknown-linux-gnu-strip
configure:6548: result: strip
configure:6620: checking for x86_64-unknown-linux-gnu-ranlib
configure:6647: result: ranlib
configure:6789: checking command to parse nm output from cc object
configure:6909: cc -c   conftest.c >&5
configure:6912: $? = 0
configure:6916: nm conftest.o \| sed -n -e 's/^.*[ ]\([ABCDGIRSTW][ABCDGIRSTW]*\)[ ][ ]*\([_A-Za-z][_A-Za-z0-9]*\)$/\1 \2 \2/p' | sed '/ __gnu_lto/d' \> conftest.nm
configure:6919: $? = 0
configure:6985: cc -o conftest    conftest.c conftstm.o >&5
configure:6988: $? = 0
configure:7026: result: ok
configure:7063: checking for sysroot
configure:7093: result: no
configure:7170: cc -c   conftest.c >&5
configure:7173: $? = 0
configure:7322: checking for x86_64-unknown-linux-gnu-mt
configure:7352: result: no
configure:7362: checking for mt
configure:7378: found /bin/mt
configure:7389: result: mt
configure:7412: checking if mt is a manifest tool
configure:7418: mt '-?'
configure:7426: result: no
configure:8068: checking how to run the C preprocessor
configure:8099: cc -E  conftest.c
configure:8099: $? = 0
configure:8113: cc -E  conftest.c
conftest.c:14:28: fatal error: ac_nonexistent.h: No such file or directory
 #include <ac_nonexistent.h>
                            ^
compilation terminated.
configure:8113: $? = 1
configure: failed program was:
| /* confdefs.h */
| #define PACKAGE_NAME "rtai"
| #define PACKAGE_TARNAME "rtai"
| #define PACKAGE_VERSION "5.1"
| #define PACKAGE_STRING "rtai 5.1"
| #define PACKAGE_BUGREPORT "rtai@rtai.org"
| #define PACKAGE_URL ""
| #define CONFIG_RTAI_BUILD_STRING "x86_64-unknown-linux-gnu"
| #define CONFIG_RTAI_HOST_STRING "x86_64-unknown-linux-gnu"
| #define CONFIG_RTAI_COMPILER "gcc version 6.2.0 20161005 (Ubuntu 6.2.0-5ubuntu12) "
| #define PACKAGE "rtai"
| #define VERSION "5.1"
| /* end confdefs.h.  */
| #include <ac_nonexistent.h>
configure:8138: result: cc -E
configure:8158: cc -E  conftest.c
configure:8158: $? = 0
configure:8172: cc -E  conftest.c
conftest.c:14:28: fatal error: ac_nonexistent.h: No such file or directory
 #include <ac_nonexistent.h>
                            ^
compilation terminated.
configure:8172: $? = 1
configure: failed program was:
| /* confdefs.h */
| #define PACKAGE_NAME "rtai"
| #define PACKAGE_TARNAME "rtai"
| #define PACKAGE_VERSION "5.1"
| #define PACKAGE_STRING "rtai 5.1"
| #define PACKAGE_BUGREPORT "rtai@rtai.org"
| #define PACKAGE_URL ""
| #define CONFIG_RTAI_BUILD_STRING "x86_64-unknown-linux-gnu"
| #define CONFIG_RTAI_HOST_STRING "x86_64-unknown-linux-gnu"
| #define CONFIG_RTAI_COMPILER "gcc version 6.2.0 20161005 (Ubuntu 6.2.0-5ubuntu12) "
| #define PACKAGE "rtai"
| #define VERSION "5.1"
| /* end confdefs.h.  */
| #include <ac_nonexistent.h>
configure:8201: checking for ANSI C header files
configure:8221: cc -c   conftest.c >&5
configure:8221: $? = 0
configure:8294: cc -o conftest    conftest.c  >&5
configure:8294: $? = 0
configure:8294: ./conftest
configure:8294: $? = 0
configure:8305: result: yes
configure:8318: checking for sys/types.h
configure:8318: cc -c   conftest.c >&5
configure:8318: $? = 0
configure:8318: result: yes
configure:8318: checking for sys/stat.h
configure:8318: cc -c   conftest.c >&5
configure:8318: $? = 0
configure:8318: result: yes
configure:8318: checking for stdlib.h
configure:8318: cc -c   conftest.c >&5
configure:8318: $? = 0
configure:8318: result: yes
configure:8318: checking for string.h
configure:8318: cc -c   conftest.c >&5
configure:8318: $? = 0
configure:8318: result: yes
configure:8318: checking for memory.h
configure:8318: cc -c   conftest.c >&5
configure:8318: $? = 0
configure:8318: result: yes
configure:8318: checking for strings.h
configure:8318: cc -c   conftest.c >&5
configure:8318: $? = 0
configure:8318: result: yes
configure:8318: checking for inttypes.h
configure:8318: cc -c   conftest.c >&5
configure:8318: $? = 0
configure:8318: result: yes
configure:8318: checking for stdint.h
configure:8318: cc -c   conftest.c >&5
configure:8318: $? = 0
configure:8318: result: yes
configure:8318: checking for unistd.h
configure:8318: cc -c   conftest.c >&5
configure:8318: $? = 0
configure:8318: result: yes
configure:8332: checking for dlfcn.h
configure:8332: cc -c   conftest.c >&5
configure:8332: $? = 0
configure:8332: result: yes
configure:8549: checking for objdir
configure:8564: result: .libs
configure:8831: checking if cc supports -fno-rtti -fno-exceptions
configure:8849: cc -c   -fno-rtti -fno-exceptions conftest.c >&5
cc1: warning: command line option '-fno-rtti' is valid for C++/ObjC++ but not for C
configure:8853: $? = 0
configure:8866: result: no
configure:9193: checking for cc option to produce PIC
configure:9200: result: -fPIC -DPIC
configure:9208: checking if cc PIC flag -fPIC -DPIC works
configure:9226: cc -c   -fPIC -DPIC -DPIC conftest.c >&5
configure:9230: $? = 0
configure:9243: result: yes
configure:9272: checking if cc static flag -static works
configure:9300: result: yes
configure:9315: checking if cc supports -c -o file.o
configure:9336: cc -c   -o out/conftest2.o conftest.c >&5
configure:9340: $? = 0
configure:9362: result: yes
configure:9370: checking if cc supports -c -o file.o
configure:9417: result: yes
configure:9450: checking whether the cc linker (ld -m elf_x86_64) supports shared libraries
configure:10607: result: yes
configure:10644: checking whether -lc should be explicitly linked in
configure:10652: cc -c   conftest.c >&5
configure:10655: $? = 0
configure:10670: cc -shared  -fPIC -DPIC conftest.o  -v -Wl,-soname -Wl,conftest -o conftest 2\>\&1 \| /bin/grep  -lc  \>/dev/null 2\>\&1
configure:10673: $? = 0
configure:10687: result: no
configure:10847: checking dynamic linker characteristics
configure:11347: cc -o conftest    -Wl,-rpath -Wl,/foo conftest.c  >&5
configure:11347: $? = 0
configure:11581: result: GNU/Linux ld.so
configure:11688: checking how to hardcode library paths into programs
configure:11713: result: immediate
configure:12253: checking whether stripping libraries is possible
configure:12258: result: yes
configure:12293: checking if libtool supports shared libraries
configure:12295: result: yes
configure:12298: checking whether to build shared libraries
configure:12319: result: yes
configure:12322: checking whether to build static libraries
configure:12326: result: yes
configure:12349: checking how to run the C++ preprocessor
configure:12376: g++ -E  conftest.cpp
configure:12376: $? = 0
configure:12390: g++ -E  conftest.cpp
conftest.cpp:26:10: fatal error: ac_nonexistent.h: No such file or directory
 #include <ac_nonexistent.h>
          ^~~~~~~~~~~~~~~~~~
compilation terminated.
configure:12390: $? = 1
configure: failed program was:
| /* confdefs.h */
| #define PACKAGE_NAME "rtai"
| #define PACKAGE_TARNAME "rtai"
| #define PACKAGE_VERSION "5.1"
| #define PACKAGE_STRING "rtai 5.1"
| #define PACKAGE_BUGREPORT "rtai@rtai.org"
| #define PACKAGE_URL ""
| #define CONFIG_RTAI_BUILD_STRING "x86_64-unknown-linux-gnu"
| #define CONFIG_RTAI_HOST_STRING "x86_64-unknown-linux-gnu"
| #define CONFIG_RTAI_COMPILER "gcc version 6.2.0 20161005 (Ubuntu 6.2.0-5ubuntu12) "
| #define PACKAGE "rtai"
| #define VERSION "5.1"
| #define STDC_HEADERS 1
| #define HAVE_SYS_TYPES_H 1
| #define HAVE_SYS_STAT_H 1
| #define HAVE_STDLIB_H 1
| #define HAVE_STRING_H 1
| #define HAVE_MEMORY_H 1
| #define HAVE_STRINGS_H 1
| #define HAVE_INTTYPES_H 1
| #define HAVE_STDINT_H 1
| #define HAVE_UNISTD_H 1
| #define HAVE_DLFCN_H 1
| #define LT_OBJDIR ".libs/"
| /* end confdefs.h.  */
| #include <ac_nonexistent.h>
configure:12415: result: g++ -E
configure:12435: g++ -E  conftest.cpp
configure:12435: $? = 0
configure:12449: g++ -E  conftest.cpp
conftest.cpp:26:10: fatal error: ac_nonexistent.h: No such file or directory
 #include <ac_nonexistent.h>
          ^~~~~~~~~~~~~~~~~~
compilation terminated.
configure:12449: $? = 1
configure: failed program was:
| /* confdefs.h */
| #define PACKAGE_NAME "rtai"
| #define PACKAGE_TARNAME "rtai"
| #define PACKAGE_VERSION "5.1"
| #define PACKAGE_STRING "rtai 5.1"
| #define PACKAGE_BUGREPORT "rtai@rtai.org"
| #define PACKAGE_URL ""
| #define CONFIG_RTAI_BUILD_STRING "x86_64-unknown-linux-gnu"
| #define CONFIG_RTAI_HOST_STRING "x86_64-unknown-linux-gnu"
| #define CONFIG_RTAI_COMPILER "gcc version 6.2.0 20161005 (Ubuntu 6.2.0-5ubuntu12) "
| #define PACKAGE "rtai"
| #define VERSION "5.1"
| #define STDC_HEADERS 1
| #define HAVE_SYS_TYPES_H 1
| #define HAVE_SYS_STAT_H 1
| #define HAVE_STDLIB_H 1
| #define HAVE_STRING_H 1
| #define HAVE_MEMORY_H 1
| #define HAVE_STRINGS_H 1
| #define HAVE_INTTYPES_H 1
| #define HAVE_STDINT_H 1
| #define HAVE_UNISTD_H 1
| #define HAVE_DLFCN_H 1
| #define LT_OBJDIR ".libs/"
| /* end confdefs.h.  */
| #include <ac_nonexistent.h>
configure:12618: checking for ld used by g++
configure:12685: result: ld -m elf_x86_64
configure:12692: checking if the linker (ld -m elf_x86_64) is GNU ld
configure:12707: result: yes
configure:12762: checking whether the g++ linker (ld -m elf_x86_64) supports shared libraries
configure:13764: result: yes
configure:13800: g++ -c   conftest.cpp >&5
configure:13803: $? = 0
configure:14323: checking for g++ option to produce PIC
configure:14330: result: -fPIC -DPIC
configure:14338: checking if g++ PIC flag -fPIC -DPIC works
configure:14356: g++ -c   -fPIC -DPIC -DPIC conftest.cpp >&5
configure:14360: $? = 0
configure:14373: result: yes
configure:14396: checking if g++ static flag -static works
configure:14424: result: yes
configure:14436: checking if g++ supports -c -o file.o
configure:14457: g++ -c   -o out/conftest2.o conftest.cpp >&5
configure:14461: $? = 0
configure:14483: result: yes
configure:14488: checking if g++ supports -c -o file.o
configure:14535: result: yes
configure:14565: checking whether the g++ linker (ld -m elf_x86_64) supports shared libraries
configure:14604: result: yes
configure:14745: checking dynamic linker characteristics
configure:15413: result: GNU/Linux ld.so
configure:15466: checking how to hardcode library paths into programs
configure:15491: result: immediate
configure:15561: checking dependency style of cc
configure:15670: result: gcc3
configure:15755: checking for RTAI Kconfig file
configure:15761: result: ./.rtai_config (supplied)
configure:15765: checking for module installation directory
configure:15793: result: ${exec_prefix}/modules
configure:15798: checking for Linux source tree
configure:15865: result: /usr/src/linux-headers-4.4.115-rtai-5.1+ (kernel 4.4.115-SMP)
configure:15901: checking for RTAI base technology
configure:15915: result: RTAI Adeos-newgen HAL
configure:15935: checking for kernel architecture
configure:15949: result: CONFIG_X86_64
configure:15956: checking for MMU support
configure:15972: result: yes
configure:16003: checking for trace support
configure:16013: result: no
configure:16020: checking for math support
configure:16031: result: no
configure:16062: checking for bits IPC support
configure:16073: result: m
configure:16080: checking for real-time fifos support
configure:16091: result: m
configure:16098: checking for netrpc support
configure:16109: result: m
configure:16116: checking for netrpc emulation of RTNet
configure:16126: result: no
configure:16129: checking for semaphore support
configure:16140: result: m
configure:16147: checking for RT POLL support
configure:16157: result: no
configure:16160: checking for RT POLL on stack
configure:16170: result: no
configure:16173: checking for messaging support
configure:16184: result: m
configure:16191: checking for mailbox support
configure:16202: result: m
configure:16209: checking for typed mailbox support
configure:16220: result: m
configure:16227: checking for POSIX-like message queue support
configure:16238: result: m
configure:16245: checking for shared memory support
configure:16256: result: m
configure:16263: checking for real-time malloc support
configure:16274: result: y
configure:16281: checking for tasklets support
configure:16292: result: m
configure:16299: checking for user-space interrupt support
configure:16309: result: no
configure:16312: checking for watchdog support
configure:16322: result: y
configure:16326: checking whether LXRT wraps service calls through Linux syscalls
configure:16336: result: no
configure:16348: checking for scheduler lock in ISRs
configure:16358: result: no
configure:16361: checking for RTC freq
configure:16375: result: 0
configure:16378: checking for long timed lists
configure:16388: result: no
configure:16391: checking for using RTAI way for user-kernel space on stack args exchange
configure:16401: result: no
configure:16404: checking for latency self calibration metrics
configure:16418: result: 1
configure:16421: checking for latency self calibration freq
configure:16435: result: 10000
configure:16438: checking for latency self calibration cycles
configure:16452: result: 10000
configure:16455: checking for user busy align ret delay
configure:16469: result: 0
configure:16472: checking for kernel busy align ret delay
configure:16486: result: 0
configure:16489: checking for maximum number of LXRT slots
configure:16503: result: 150
configure:16506: checking for RTDM support
configure:16517: result: y
configure:16520: checking for maximum file descriptors in RTDM
configure:16539: result: 128
configure:16542: checking for shared interrupts in RTDM
configure:16552: result: y
configure:16555: checking for select(2) support in RTDM
configure:16565: result: y
configure:16568: checking for RTDM debug
configure:16578: result: y
configure:16581: checking for task switch signal
configure:16591: result: no
configure:16595: checking for Linux task priority alignment to RTAI
configure:16605: result: no
configure:16608: checking for in-kernel C++ support
configure:16618: result: no
configure:16621: checking for calibration frequency factor
configure:16635: result: 0
configure:16638: checking if gcc accepts -fno-use-cxa-atexit
configure:16663: g++ -c -fno-use-cxa-atexit -Werror  conftest.cpp >&5
configure:16663: $? = 0
configure:16677: result: yes
configure:16681: checking for comedi support over LXRT
configure:16691: result: no
configure:16783: checking for comedi lock
configure:16793: result: no
configure:16796: checking for real-time serial driver
configure:16806: result: y
configure:16809: checking for real-time serial driver
configure:16819: result: y
configure:16831: checking for real-time serial driver hardware access mode
configure:16849: result: 
configure:16852: checking for testsuite
configure:16862: result: y
configure:16865: checking for RTAI-Lab
configure:16878: result: no
configure:18008: checking for FPU support
configure:18018: result: y
configure:18021: checking for math C99 support
configure:18031: result: no
configure:18034: checking for tlsf use in real-time malloc support
configure:18044: result: no
configure:18047: checking for vmalloc use in real-time malloc support
configure:18057: result: y
configure:18060: checking for size of real-time malloc heap
configure:18074: result: 2048
configure:18077: checking for size of real-time kernel task stack heap
configure:18091: result: 512
configure:18094: checking for number of CPUs (SMP-only)
configure:18104: result: 4
configure:18108: checking for diagnose out of sync MP-TSCs
configure:18118: result: no
configure:18121: checking for master CPU for aligning MP-TSCs
configure:18138: result: 
configure:18141: checking for tune out of sync MP-TSCs
configure:18151: result: no
configure:18163: checking for libsensors
configure:18183: cc -o conftest    conftest.c  -lsensors >&5
configure:18183: $? = 0
configure:18191: result: yes
configure:18202: checking for libpci
configure:18222: cc -o conftest    conftest.c  -lpci >&5
configure:18222: $? = 0
configure:18230: result: yes
configure:18247: result: ... smispv will be built
configure:18274: checking for Doxygen documentation
configure:18293: result: y
configure:18299: checking for doxygen
configure:18315: found /usr/bin/doxygen
configure:18326: result: doxygen
configure:18339: checking doxygen version
configure:18344: result: 1.8.11
configure:18361: checking for dot
configure:18389: result: NO
configure:18416: checking whether compiling Docbook XML documentation
configure:18436: result: no
configure:18455: checking for xmllint
configure:18471: found /usr/bin/xmllint
configure:18482: result: xmllint
configure:18498: checking for xsltproc
configure:18514: found /usr/bin/xsltproc
configure:18525: result: xsltproc
configure:18542: checking for fop.sh
configure:18572: result: no
configure:18585: checking whether Docbook XML documentation generation can use network.
configure:18601: result: no
configure:18611: checking for docbook-xml root dir
configure:18631: result: /usr/share/sgml/docbook/dtd/xml/4.2
configure:18645: checking for docbook-xsl root dir
configure:18665: result: /usr/share/sgml/docbook/stylesheet/xsl/nwalsh
configure:18695: checking whether using LaTeX non-stop mode
configure:18705: result: no
configure:18725: checking for LXRT inlining
configure:18743: result: static
configure:18746: checking for debug symbols in kernel modules
configure:18756: result: no
configure:18759: checking for debug symbols in user-space programs
configure:18769: result: no
configure:18773: checking for RTAI simulator
configure:18789: result: not present
configure:19858: checking for kernel module extension
configure:19860: result: .ko
configure:19864: checking for gcc version >= 3.3
configure:19889: g++ -c   conftest.cpp >&5
configure:19889: $? = 0
configure:19917: result: ok
configure:19923: checking for RTAI target architecture
configure:20065: result: x86 (64)
configure:20345: checking that generated files are newer than configure
configure:20351: result: done
configure:20662: creating ./config.status

## ---------------------- ##
## Running config.status. ##
## ---------------------- ##

This file was extended by rtai config.status 5.1, which was
generated by GNU Autoconf 2.69.  Invocation command line was

  CONFIG_FILES    = 
  CONFIG_HEADERS  = 
  CONFIG_LINKS    = 
  CONFIG_COMMANDS = 
  $ ./config.status 

on bruce-Lenovo-IdeaPad-V450

config.status:1537: creating GNUmakefile
config.status:1537: creating base/GNUmakefile
config.status:1537: creating base/arch/GNUmakefile
config.status:1537: creating base/include/GNUmakefile
config.status:1537: creating base/ipc/GNUmakefile
config.status:1537: creating base/sched/GNUmakefile
config.status:1537: creating base/sched/liblxrt/GNUmakefile
config.status:1537: creating base/scripts/GNUmakefile
config.status:1537: creating base/scripts/rtai-config
config.status:1537: creating base/scripts/rtai-load
config.status:1537: creating base/arch/x86/GNUmakefile
config.status:1537: creating base/arch/x86/hal/GNUmakefile
config.status:1537: creating base/arch/x86/calibration/GNUmakefile
config.status:1537: creating base/arch/x86/calibration/setsmi
config.status:1537: creating base/arch/x86/calibration/smicnt
config.status:1537: creating base/include/asm-x86/GNUmakefile
config.status:1537: creating base/arch/arm/GNUmakefile
config.status:1537: creating base/arch/arm/hal/GNUmakefile
config.status:1537: creating base/include/asm-arm/GNUmakefile
config.status:1537: creating base/ipc/bits/GNUmakefile
config.status:1537: creating base/ipc/fifos/GNUmakefile
config.status:1537: creating base/ipc/netrpc/GNUmakefile
config.status:1537: creating base/ipc/shm/GNUmakefile
config.status:1537: creating base/ipc/sem/GNUmakefile
config.status:1537: creating base/ipc/msg/GNUmakefile
config.status:1537: creating base/ipc/mbx/GNUmakefile
config.status:1537: creating base/ipc/tbx/GNUmakefile
config.status:1537: creating base/ipc/mq/GNUmakefile
config.status:1537: creating base/math/GNUmakefile
config.status:1537: creating base/malloc/GNUmakefile
config.status:1537: creating base/tasklets/GNUmakefile
config.status:1537: creating base/trace/GNUmakefile
config.status:1537: creating base/wd/GNUmakefile
config.status:1537: creating base/usi/GNUmakefile
config.status:1537: creating base/posix/GNUmakefile
config.status:1537: creating addons/GNUmakefile
config.status:1537: creating addons/cpp/GNUmakefile
config.status:1537: creating addons/comedi/GNUmakefile
config.status:1537: creating addons/drivers/GNUmakefile
config.status:1537: creating addons/drivers/serial/GNUmakefile
config.status:1537: creating addons/drivers/16550A/GNUmakefile
config.status:1537: creating addons/rtdm/GNUmakefile
config.status:1537: creating addons/rtdm/lib/GNUmakefile
config.status:1537: creating rtai-lab/GNUmakefile
config.status:1537: creating rtai-lab/matlab/GNUmakefile
config.status:1537: creating rtai-lab/matrixx/GNUmakefile
config.status:1537: creating rtai-lab/scilab/GNUmakefile
config.status:1537: creating rtai-lab/scicoslab/GNUmakefile
config.status:1537: creating rtai-lab/scilab/utility/GNUmakefile
config.status:1537: creating testsuite/GNUmakefile
config.status:1537: creating testsuite/kern/GNUmakefile
config.status:1537: creating testsuite/kern/latency/GNUmakefile
config.status:1537: creating testsuite/kern/preempt/GNUmakefile
config.status:1537: creating testsuite/kern/switches/GNUmakefile
config.status:1537: creating testsuite/kthreads/GNUmakefile
config.status:1537: creating testsuite/kthreads/latency/GNUmakefile
config.status:1537: creating testsuite/kthreads/preempt/GNUmakefile
config.status:1537: creating testsuite/kthreads/switches/GNUmakefile
config.status:1537: creating testsuite/user/GNUmakefile
config.status:1537: creating testsuite/user/latency/GNUmakefile
config.status:1537: creating testsuite/user/preempt/GNUmakefile
config.status:1537: creating testsuite/user/switches/GNUmakefile
config.status:1537: creating rtai-py/GNUmakefile
config.status:1537: creating doc/GNUmakefile
config.status:1537: creating doc/doxygen/GNUmakefile
config.status:1537: creating doc/doxygen/Doxyfile
config.status:1537: creating doc/docbook/GNUmakefile
config.status:1537: creating doc/docbook/catalog
config.status:1537: creating doc/docbook/custom-stylesheets/GNUmakefile
config.status:1537: creating doc/docbook/custom-stylesheets/xsl/GNUmakefile
config.status:1537: creating doc/docbook/custom-stylesheets/xsl/common/GNUmakefile
config.status:1537: creating doc/docbook/custom-stylesheets/xsl/fo/GNUmakefile
config.status:1537: creating doc/docbook/custom-stylesheets/xsl/html/GNUmakefile
config.status:1537: creating doc/docbook/custom-stylesheets/xsl/html/chunk.xsl
config.status:1537: creating doc/docbook/docbook-test/GNUmakefile
config.status:1537: creating rtai_config.h
config.status:1778: linking ./base/include/asm-x86 to base/include/asm
config.status:1778: linking base/arch/x86/hal/Makefile.kbuild to base/arch/x86/hal/Makefile
config.status:1778: linking base/arch/x86/calibration/Makefile.kbuild to base/arch/x86/calibration/Makefile
config.status:1778: linking base/ipc/bits/Makefile.kbuild to base/ipc/bits/Makefile
config.status:1778: linking base/ipc/fifos/Makefile.kbuild to base/ipc/fifos/Makefile
config.status:1778: linking base/ipc/mbx/Makefile.kbuild to base/ipc/mbx/Makefile
config.status:1778: linking base/ipc/mq/Makefile.kbuild to base/ipc/mq/Makefile
config.status:1778: linking base/ipc/msg/Makefile.kbuild to base/ipc/msg/Makefile
config.status:1778: linking base/ipc/sem/Makefile.kbuild to base/ipc/sem/Makefile
config.status:1778: linking base/ipc/tbx/Makefile.kbuild to base/ipc/tbx/Makefile
config.status:1778: linking base/ipc/netrpc/Makefile.kbuild to base/ipc/netrpc/Makefile
config.status:1778: linking base/ipc/shm/Makefile.kbuild to base/ipc/shm/Makefile
config.status:1778: linking base/posix/Makefile.kbuild to base/posix/Makefile
config.status:1778: linking base/malloc/Makefile.kbuild to base/malloc/Makefile
config.status:1778: linking base/tasklets/Makefile.kbuild to base/tasklets/Makefile
config.status:1778: linking base/wd/Makefile.kbuild to base/wd/Makefile
config.status:1778: linking base/usi/Makefile.kbuild to base/usi/Makefile
config.status:1778: linking base/math/Makefile.kbuild to base/math/Makefile
config.status:1778: linking base/sched/Makefile.kbuild to base/sched/Makefile
config.status:1778: linking addons/drivers/serial/Makefile.kbuild to addons/drivers/serial/Makefile
config.status:1778: linking addons/comedi/Makefile.kbuild to addons/comedi/Makefile
config.status:1778: linking addons/drivers/16550A/Makefile.kbuild to addons/drivers/16550A/Makefile
config.status:1778: linking addons/rtdm/Makefile.kbuild to addons/rtdm/Makefile
config.status:1778: linking testsuite/kern/latency/Makefile.kbuild to testsuite/kern/latency/Makefile
config.status:1778: linking testsuite/kern/preempt/Makefile.kbuild to testsuite/kern/preempt/Makefile
config.status:1778: linking testsuite/kern/switches/Makefile.kbuild to testsuite/kern/switches/Makefile
config.status:1778: linking testsuite/kthreads/latency/Makefile.kbuild to testsuite/kthreads/latency/Makefile
config.status:1778: linking testsuite/kthreads/preempt/Makefile.kbuild to testsuite/kthreads/preempt/Makefile
config.status:1778: linking testsuite/kthreads/switches/Makefile.kbuild to testsuite/kthreads/switches/Makefile
config.status:1797: executing depfiles commands
config.status:1797: executing libtool commands

## ---------------- ##
## Cache variables. ##
## ---------------- ##

ac_cv_accepts_cxa_atexit=yes
ac_cv_build=x86_64-unknown-linux-gnu
ac_cv_c_compiler_gnu=yes
ac_cv_cxx_compiler_gnu=yes
ac_cv_env_CCASFLAGS_set=
ac_cv_env_CCASFLAGS_value=
ac_cv_env_CCAS_set=
ac_cv_env_CCAS_value=
ac_cv_env_CCC_set=
ac_cv_env_CCC_value=
ac_cv_env_CC_set=set
ac_cv_env_CC_value=cc
ac_cv_env_CFLAGS_set=
ac_cv_env_CFLAGS_value=
ac_cv_env_CPPFLAGS_set=
ac_cv_env_CPPFLAGS_value=
ac_cv_env_CPP_set=
ac_cv_env_CPP_value=
ac_cv_env_CXXCPP_set=
ac_cv_env_CXXCPP_value=
ac_cv_env_CXXFLAGS_set=
ac_cv_env_CXXFLAGS_value=
ac_cv_env_CXX_set=set
ac_cv_env_CXX_value=g++
ac_cv_env_LDFLAGS_set=
ac_cv_env_LDFLAGS_value=
ac_cv_env_LIBS_set=
ac_cv_env_LIBS_value=
ac_cv_env_XMKMF_set=
ac_cv_env_XMKMF_value=
ac_cv_env_build_alias_set=set
ac_cv_env_build_alias_value=x86_64-unknown-linux-gnu
ac_cv_env_host_alias_set=set
ac_cv_env_host_alias_value=x86_64-unknown-linux-gnu
ac_cv_env_target_alias_set=
ac_cv_env_target_alias_value=
ac_cv_gcc33=yes
ac_cv_header_dlfcn_h=yes
ac_cv_header_inttypes_h=yes
ac_cv_header_memory_h=yes
ac_cv_header_stdc=yes
ac_cv_header_stdint_h=yes
ac_cv_header_stdlib_h=yes
ac_cv_header_string_h=yes
ac_cv_header_strings_h=yes
ac_cv_header_sys_stat_h=yes
ac_cv_header_sys_types_h=yes
ac_cv_header_unistd_h=yes
ac_cv_host=x86_64-unknown-linux-gnu
ac_cv_objext=o
ac_cv_path_EGREP='/bin/grep -E'
ac_cv_path_FGREP='/bin/grep -F'
ac_cv_path_GREP=/bin/grep
ac_cv_path_SED=/bin/sed
ac_cv_path_install='/usr/bin/install -c'
ac_cv_path_mkdir=/bin/mkdir
ac_cv_prog_AR=ar
ac_cv_prog_AWK=gawk
ac_cv_prog_CC=cc
ac_cv_prog_CPP='cc -E'
ac_cv_prog_CXXCPP='g++ -E'
ac_cv_prog_DBX_LINT=xmllint
ac_cv_prog_DBX_XSLTPROC=xsltproc
ac_cv_prog_DOXYGEN=doxygen
ac_cv_prog_DOXYGEN_HAVE_DOT=NO
ac_cv_prog_RANLIB=ranlib
ac_cv_prog_STRIP=strip
ac_cv_prog_ac_ct_MANIFEST_TOOL=mt
ac_cv_prog_ac_ct_OBJDUMP=objdump
ac_cv_prog_cc_c89=
ac_cv_prog_cc_g=yes
ac_cv_prog_cxx_g=yes
ac_cv_prog_make_make_set=yes
am_cv_CCAS_dependencies_compiler_type=gcc3
am_cv_CC_dependencies_compiler_type=gcc3
am_cv_CXX_dependencies_compiler_type=gcc3
am_cv_make_support_nested_variables=yes
am_cv_prog_cc_c_o=yes
lt_cv_ar_at_file=@
lt_cv_archive_cmds_need_lc=no
lt_cv_deplibs_check_method=pass_all
lt_cv_file_magic_cmd='$MAGIC_CMD'
lt_cv_file_magic_test_file=
lt_cv_ld_reload_flag=-r
lt_cv_nm_interface='BSD nm'
lt_cv_objdir=.libs
lt_cv_path_LD=ld
lt_cv_path_LDCXX='ld -m elf_x86_64'
lt_cv_path_NM=nm
lt_cv_path_mainfest_tool=no
lt_cv_prog_compiler_c_o=yes
lt_cv_prog_compiler_c_o_CXX=yes
lt_cv_prog_compiler_pic='-fPIC -DPIC'
lt_cv_prog_compiler_pic_CXX='-fPIC -DPIC'
lt_cv_prog_compiler_pic_works=yes
lt_cv_prog_compiler_pic_works_CXX=yes
lt_cv_prog_compiler_rtti_exceptions=no
lt_cv_prog_compiler_static_works=yes
lt_cv_prog_compiler_static_works_CXX=yes
lt_cv_prog_gnu_ld=yes
lt_cv_prog_gnu_ldcxx=yes
lt_cv_sharedlib_from_linklib_cmd='printf %s\n'
lt_cv_shlibpath_overrides_runpath=no
lt_cv_sys_global_symbol_pipe='sed -n -e '\''s/^.*[	 ]\([ABCDGIRSTW][ABCDGIRSTW]*\)[	 ][	 ]*\([_A-Za-z][_A-Za-z0-9]*\)$/\1 \2 \2/p'\'' | sed '\''/ __gnu_lto/d'\'''
lt_cv_sys_global_symbol_to_c_name_address='sed -n -e '\''s/^: \([^ ]*\)[ ]*$/  {\"\1\", (void *) 0},/p'\'' -e '\''s/^[ABCDGIRSTW]* \([^ ]*\) \([^ ]*\)$/  {"\2", (void *) \&\2},/p'\'''
lt_cv_sys_global_symbol_to_c_name_address_lib_prefix='sed -n -e '\''s/^: \([^ ]*\)[ ]*$/  {\"\1\", (void *) 0},/p'\'' -e '\''s/^[ABCDGIRSTW]* \([^ ]*\) \(lib[^ ]*\)$/  {"\2", (void *) \&\2},/p'\'' -e '\''s/^[ABCDGIRSTW]* \([^ ]*\) \([^ ]*\)$/  {"lib\2", (void *) \&\2},/p'\'''
lt_cv_sys_global_symbol_to_cdecl='sed -n -e '\''s/^T .* \(.*\)$/extern int \1();/p'\'' -e '\''s/^[ABCDGIRSTW]* .* \(.*\)$/extern char \1;/p'\'''
lt_cv_sys_max_cmd_len=1572864
lt_cv_to_host_file_cmd=func_convert_file_noop
lt_cv_to_tool_file_cmd=func_convert_file_noop

## ----------------- ##
## Output variables. ##
## ----------------- ##

ACLOCAL='aclocal-1.14'
AMDEPBACKSLASH='\'
AMDEP_FALSE='#'
AMDEP_TRUE=''
AMTAR='$${TAR-tar}'
AM_BACKSLASH='\'
AM_DEFAULT_V='$(AM_DEFAULT_VERBOSITY)'
AM_DEFAULT_VERBOSITY='1'
AM_V='$(V)'
AR='ar'
AUTOCONF='autoconf'
AUTOHEADER='autoheader'
AUTOMAKE='automake-1.14'
AWK='gawk'
CC='cc'
CCAS='cc'
CCASDEPMODE='depmode=gcc3'
CCASFLAGS=''
CCDEPMODE='depmode=gcc3'
CFLAGS=''
COMEDI_DIR=''
CONFIG_ARCH_AT91_FALSE=''
CONFIG_ARCH_AT91_TRUE='#'
CONFIG_ARCH_EP9301_FALSE=''
CONFIG_ARCH_EP9301_TRUE='#'
CONFIG_ARCH_IMX_FALSE=''
CONFIG_ARCH_IMX_TRUE='#'
CONFIG_ARCH_PXA_FALSE=''
CONFIG_ARCH_PXA_TRUE='#'
CONFIG_ARM_FALSE=''
CONFIG_ARM_TRUE='#'
CONFIG_BUILD_SMISPV_FALSE='#'
CONFIG_BUILD_SMISPV_TRUE=''
CONFIG_I386_FALSE=''
CONFIG_I386_TRUE='#'
CONFIG_KBUILD_FALSE='#'
CONFIG_KBUILD_TRUE=''
CONFIG_M5329_FALSE=''
CONFIG_M5329_TRUE='#'
CONFIG_M5407_FALSE=''
CONFIG_M5407_TRUE='#'
CONFIG_M54455_FALSE=''
CONFIG_M54455_TRUE='#'
CONFIG_M68KNOMMU_FALSE=''
CONFIG_M68KNOMMU_TRUE='#'
CONFIG_M68K_FALSE=''
CONFIG_M68K_TRUE='#'
CONFIG_PPC_FALSE=''
CONFIG_PPC_TRUE='#'
CONFIG_RTAI_ADDONS_FALSE='#'
CONFIG_RTAI_ADDONS_TRUE=''
CONFIG_RTAI_ADEOS_FALSE=''
CONFIG_RTAI_ADEOS_TRUE='#'
CONFIG_RTAI_BITS_BUILTIN_FALSE=''
CONFIG_RTAI_BITS_BUILTIN_TRUE='#'
CONFIG_RTAI_BITS_FALSE='#'
CONFIG_RTAI_BITS_TRUE=''
CONFIG_RTAI_COMEDI_LXRT_FALSE=''
CONFIG_RTAI_COMEDI_LXRT_TRUE='#'
CONFIG_RTAI_CPLUSPLUS_FALSE=''
CONFIG_RTAI_CPLUSPLUS_TRUE='#'
CONFIG_RTAI_CPUS='4'
CONFIG_RTAI_DOX_DOC_FALSE='#'
CONFIG_RTAI_DOX_DOC_TRUE=''
CONFIG_RTAI_DRIVERS_16550A_FALSE='#'
CONFIG_RTAI_DRIVERS_16550A_TRUE=''
CONFIG_RTAI_DRIVERS_SERIAL_FALSE='#'
CONFIG_RTAI_DRIVERS_SERIAL_TRUE=''
CONFIG_RTAI_FIFOS_BUILTIN_FALSE=''
CONFIG_RTAI_FIFOS_BUILTIN_TRUE='#'
CONFIG_RTAI_FIFOS_FALSE='#'
CONFIG_RTAI_FIFOS_TRUE=''
CONFIG_RTAI_LAB_FALSE=''
CONFIG_RTAI_LAB_TRUE='#'
CONFIG_RTAI_LINUXDIR='/usr/src/linux-headers-4.4.115-rtai-5.1+'
CONFIG_RTAI_LXRT_USE_LINUX_SYSCALL_FALSE=''
CONFIG_RTAI_LXRT_USE_LINUX_SYSCALL_TRUE='#'
CONFIG_RTAI_MAINTAINER_FALSE=''
CONFIG_RTAI_MAINTAINER_PGM_FALSE=''
CONFIG_RTAI_MAINTAINER_PGM_TRUE='#'
CONFIG_RTAI_MAINTAINER_PMA_FALSE=''
CONFIG_RTAI_MAINTAINER_PMA_TRUE='#'
CONFIG_RTAI_MAINTAINER_TRUE='#'
CONFIG_RTAI_MALLOC_BUILTIN_FALSE='#'
CONFIG_RTAI_MALLOC_BUILTIN_TRUE=''
CONFIG_RTAI_MALLOC_FALSE='#'
CONFIG_RTAI_MALLOC_TRUE=''
CONFIG_RTAI_MATH_BUILTIN_FALSE=''
CONFIG_RTAI_MATH_BUILTIN_TRUE='#'
CONFIG_RTAI_MATH_C99_FALSE=''
CONFIG_RTAI_MATH_C99_TRUE='#'
CONFIG_RTAI_MATH_FALSE=''
CONFIG_RTAI_MATH_TRUE='#'
CONFIG_RTAI_MBX_BUILTIN_FALSE=''
CONFIG_RTAI_MBX_BUILTIN_TRUE='#'
CONFIG_RTAI_MBX_FALSE='#'
CONFIG_RTAI_MBX_TRUE=''
CONFIG_RTAI_MQ_BUILTIN_FALSE=''
CONFIG_RTAI_MQ_BUILTIN_TRUE='#'
CONFIG_RTAI_MQ_FALSE='#'
CONFIG_RTAI_MQ_TRUE=''
CONFIG_RTAI_MSG_BUILTIN_FALSE=''
CONFIG_RTAI_MSG_BUILTIN_TRUE='#'
CONFIG_RTAI_MSG_FALSE='#'
CONFIG_RTAI_MSG_TRUE=''
CONFIG_RTAI_MVM_FALSE=''
CONFIG_RTAI_MVM_TRUE='#'
CONFIG_RTAI_NETRPC_BUILTIN_FALSE=''
CONFIG_RTAI_NETRPC_BUILTIN_TRUE='#'
CONFIG_RTAI_NETRPC_FALSE='#'
CONFIG_RTAI_NETRPC_TRUE=''
CONFIG_RTAI_OLD_FASHIONED_BUILD_FALSE=''
CONFIG_RTAI_OLD_FASHIONED_BUILD_TRUE='#'
CONFIG_RTAI_RTDM_FALSE='#'
CONFIG_RTAI_RTDM_TRUE=''
CONFIG_RTAI_RT_POLL_FALSE=''
CONFIG_RTAI_RT_POLL_ON_STACK_FALSE=''
CONFIG_RTAI_RT_POLL_ON_STACK_TRUE='#'
CONFIG_RTAI_RT_POLL_TRUE='#'
CONFIG_RTAI_SEM_BUILTIN_FALSE=''
CONFIG_RTAI_SEM_BUILTIN_TRUE='#'
CONFIG_RTAI_SEM_FALSE='#'
CONFIG_RTAI_SEM_TRUE=''
CONFIG_RTAI_SHM_BUILTIN_FALSE=''
CONFIG_RTAI_SHM_BUILTIN_TRUE='#'
CONFIG_RTAI_SHM_FALSE='#'
CONFIG_RTAI_SHM_TRUE=''
CONFIG_RTAI_TASKLETS_BUILTIN_FALSE=''
CONFIG_RTAI_TASKLETS_BUILTIN_TRUE='#'
CONFIG_RTAI_TASKLETS_FALSE='#'
CONFIG_RTAI_TASKLETS_TRUE=''
CONFIG_RTAI_TBX_BUILTIN_FALSE=''
CONFIG_RTAI_TBX_BUILTIN_TRUE='#'
CONFIG_RTAI_TBX_FALSE='#'
CONFIG_RTAI_TBX_TRUE=''
CONFIG_RTAI_TESTSUITE_FALSE='#'
CONFIG_RTAI_TESTSUITE_TRUE=''
CONFIG_RTAI_TRACE_FALSE=''
CONFIG_RTAI_TRACE_TRUE='#'
CONFIG_RTAI_USE_LINUX_COMEDI_FALSE=''
CONFIG_RTAI_USE_LINUX_COMEDI_TRUE='#'
CONFIG_RTAI_USI_BUILTIN_FALSE=''
CONFIG_RTAI_USI_BUILTIN_TRUE='#'
CONFIG_RTAI_USI_FALSE=''
CONFIG_RTAI_USI_TRUE='#'
CONFIG_RTAI_WD_FALSE='#'
CONFIG_RTAI_WD_TRUE=''
CONFIG_SMP_FALSE='#'
CONFIG_SMP_TRUE=''
CONFIG_UCLINUX_FALSE=''
CONFIG_UCLINUX_TRUE='#'
CONFIG_X86_64_FALSE='#'
CONFIG_X86_64_TRUE=''
CONFIG_X86_FALSE='#'
CONFIG_X86_LOCAL_APIC_FALSE='#'
CONFIG_X86_LOCAL_APIC_TRUE=''
CONFIG_X86_TRUE=''
CPP='cc -E'
CPPFLAGS=''
CROSSCOMPILE_TEST=''
CROSS_COMPILE=''
CXX='g++'
CXXCPP='g++ -E'
CXXDEPMODE='depmode=gcc3'
CXXFLAGS=''
CYGPATH_W='echo'
DBX_ABS_SRCDIR_FALSE=''
DBX_ABS_SRCDIR_TRUE='#'
DBX_DOC_FALSE=''
DBX_DOC_ROOT='doc/docbook'
DBX_DOC_TRUE='#'
DBX_FOP=''
DBX_GEN_DOC_ROOT='doc/generated'
DBX_LINT='xmllint'
DBX_MAYBE_NONET='--nonet'
DBX_ROOT='file:///usr/share/sgml/docbook/dtd/xml/4.2'
DBX_XSLTPROC='xsltproc'
DBX_XSL_ROOT='file:///usr/share/sgml/docbook/stylesheet/xsl/nwalsh'
DEFS='-DHAVE_CONFIG_H'
DEPDIR='.deps'
DLLTOOL='false'
DOXYGEN='doxygen'
DOXYGEN_HAVE_DOT='NO'
DOXYGEN_SHOW_INCLUDE_FILES='YES'
DSYMUTIL=''
DUMPBIN=''
ECHO_C=''
ECHO_N='-n'
ECHO_T=''
EFLTK_DIR=''
EGREP='/bin/grep -E'
EXEEXT=''
FGREP='/bin/grep -F'
GL_CFLAGS=''
GL_LIBS=''
GREP='/bin/grep'
INSTALL_DATA='${INSTALL} -m 644'
INSTALL_PROGRAM='${INSTALL}'
INSTALL_SCRIPT='${INSTALL}'
INSTALL_STRIP_PROGRAM='$(install_sh) -c -s'
LATEX_BATCHMODE='YES'
LATEX_MODE='batchmode'
LD='ld -m elf_x86_64'
LDFLAGS=''
LIBOBJS=''
LIBS=''
LIBTOOL='$(SHELL) $(top_builddir)/libtool'
LIPO=''
LN_S='ln -s'
LTLIBOBJS=''
MAINT='#'
MAINTAINER_MODE_FALSE=''
MAINTAINER_MODE_TRUE='#'
MAKEINFO='makeinfo'
MANIFEST_TOOL=':'
MKDIR_P='/bin/mkdir -p'
NM='nm'
NMEDIT=''
OBJDUMP='objdump'
OBJEXT='o'
OTOOL64=''
OTOOL=''
PACKAGE='rtai'
PACKAGE_BUGREPORT='rtai@rtai.org'
PACKAGE_NAME='rtai'
PACKAGE_STRING='rtai 5.1'
PACKAGE_TARNAME='rtai'
PACKAGE_URL=''
PACKAGE_VERSION='5.1'
PATH_SEPARATOR=':'
RANLIB='ranlib'
RTAI_BUILD_STRING='x86_64-unknown-linux-gnu'
RTAI_BUILTIN_MODLIST=' malloc'
RTAI_COMPAT_CPPFLAGS=''
RTAI_FP_CFLAGS=' -ffast-math -mhard-float'
RTAI_HOST_STRING='x86_64-unknown-linux-gnu'
RTAI_INSTALL_DIR='${exec_prefix}'
RTAI_KBUILD_BOTTOM=''
RTAI_KBUILD_CLEAN='rm -f *.ko *.mod.c .*.cmd *.o Module.symvers Module.markers modules.order && rm -Rf .tmp_versions'
RTAI_KBUILD_CMD='for src in $^; do if test \! -r `basename $$src`; then $(LN_S) $$src; fi; done; 		    rm -f /usr/src/linux-headers-4.4.115-rtai-5.1+/.tmp_versions/rtai_*.mod /usr/src/linux-headers-4.4.115-rtai-5.1+/.tmp_versions/*_rt.mod;                     $(MAKE) -C /usr/src/linux-headers-4.4.115-rtai-5.1+ CROSS_COMPILE=$(CROSS_COMPILE) CC=cc ARCH=x86 		    SUBDIRS=$$PWD M=$$PWD rtai_srctree=`cd $(top_srcdir) && pwd` rtai_srcdir=`cd $(srcdir) && pwd` V=$(V) modules 		    rtai_objs='\''$(call src2obj,c,$^) $(call src2obj,S,$^) $(call src2obj,cc,$^) $(call src2obj,cpp,$^)'\'' rtai_target=$(basename $@)'
RTAI_KBUILD_DISTCLEAN=''
RTAI_KBUILD_ENV='src2obj = $(patsubst %.$(1),%.o,$(filter %.$(1),$(call notdir,$(2))))'
RTAI_KBUILD_TOP='@if test \! -r Module.symvers ; then $(LN_S) -f "`cd $(top_builddir) && pwd`/Module.symvers" . ; fi;'
RTAI_KMOD_APP_CFLAGS=''
RTAI_KMOD_APP_CXXFLAGS=' -fno-rtti -fno-exceptions -fno-strength-reduce -pipe -fno-use-cxa-atexit'
RTAI_KMOD_CFLAGS=' -D__IN_RTAI__'
RTAI_KMOD_CXXFLAGS=' -fno-rtti -fno-exceptions -fno-strength-reduce -pipe -fno-use-cxa-atexit -D__IN_RTAI__'
RTAI_LINUX_DIR='/usr/src/linux-headers-4.4.115-rtai-5.1+'
RTAI_LINUX_VERSION='4.4.115'
RTAI_LXRT_LDADD=''
RTAI_MATH_LIBM=''
RTAI_MAYBE_DOCDIR='doc'
RTAI_MAYBE_SIMDIR=''
RTAI_MODULE_DIR='${exec_prefix}/modules'
RTAI_MODULE_EXT='.ko'
RTAI_POSIX_WRAP=' -Wl,--wrap -Wl,timer_create -Wl,--wrap -Wl,timer_delete -Wl,--wrap -Wl,timer_getoverrun -Wl,--wrap -Wl,timer_gettime -Wl,--wrap -Wl,timer_settime -Wl,--wrap -Wl,clock_getres -Wl,--wrap -Wl,clock_gettime -Wl,--wrap -Wl,clock_settime -Wl,--wrap -Wl,clock_nanosleep -Wl,--wrap -Wl,nanosleep -Wl,--wrap -Wl,pthread_barrier_init -Wl,--wrap -Wl,pthread_barrier_destroy -Wl,--wrap -Wl,pthread_barrier_wait -Wl,--wrap -Wl,pthread_barrierattr_init -Wl,--wrap -Wl,pthread_barrierattr_destroy -Wl,--wrap -Wl,pthread_barrierattr_getpshared -Wl,--wrap -Wl,pthread_barrierattr_setpshared -Wl,--wrap -Wl,pthread_cond_init -Wl,--wrap -Wl,pthread_cond_destroy -Wl,--wrap -Wl,pthread_cond_signal -Wl,--wrap -Wl,pthread_cond_broadcast -Wl,--wrap -Wl,pthread_cond_wait -Wl,--wrap -Wl,pthread_cond_timedwait -Wl,--wrap -Wl,pthread_condattr_init -Wl,--wrap -Wl,pthread_condattr_destroy -Wl,--wrap -Wl,pthread_condattr_getpshared -Wl,--wrap -Wl,pthread_condattr_setpshared -Wl,--wrap -Wl,pthread_condattr_getclock -Wl,--wrap -Wl,pthread_condattr_setclock -Wl,--wrap -Wl,pthread_mutex_init -Wl,--wrap -Wl,pthread_mutex_destroy -Wl,--wrap -Wl,pthread_mutex_lock -Wl,--wrap -Wl,pthread_mutex_timedlock -Wl,--wrap -Wl,pthread_mutex_trylock -Wl,--wrap -Wl,pthread_mutex_unlock -Wl,--wrap -Wl,pthread_mutexattr_init -Wl,--wrap -Wl,pthread_mutexattr_destroy -Wl,--wrap -Wl,pthread_mutexattr_getpshared -Wl,--wrap -Wl,pthread_mutexattr_setpshared -Wl,--wrap -Wl,pthread_mutexattr_settype -Wl,--wrap -Wl,pthread_mutexattr_gettype -Wl,--wrap -Wl,pthread_rwlock_init -Wl,--wrap -Wl,pthread_rwlock_destroy -Wl,--wrap -Wl,pthread_rwlock_rdlock -Wl,--wrap -Wl,pthread_rwlock_tryrdlock -Wl,--wrap -Wl,pthread_rwlock_timedrdlock -Wl,--wrap -Wl,pthread_rwlock_wrlock -Wl,--wrap -Wl,pthread_rwlock_trywrlock -Wl,--wrap -Wl,pthread_rwlock_timedwrlock -Wl,--wrap -Wl,pthread_rwlock_unlock -Wl,--wrap -Wl,pthread_rwlockattr_init -Wl,--wrap -Wl,pthread_rwlockattr_destroy -Wl,--wrap -Wl,pthread_rwlockattr_getpshared -Wl,--wrap -Wl,pthread_rwlockattr_setpshared -Wl,--wrap -Wl,pthread_rwlockattr_getkind_np -Wl,--wrap -Wl,pthread_rwlockattr_setkind_np -Wl,--wrap -Wl,pthread_spin_init -Wl,--wrap -Wl,pthread_spin_destroy -Wl,--wrap -Wl,pthread_spin_lock -Wl,--wrap -Wl,pthread_spin_trylock -Wl,--wrap -Wl,pthread_spin_unlock -Wl,--wrap -Wl,sem_open -Wl,--wrap -Wl,sem_close -Wl,--wrap -Wl,sem_unlink -Wl,--wrap -Wl,sem_init -Wl,--wrap -Wl,sem_destroy -Wl,--wrap -Wl,sem_wait -Wl,--wrap -Wl,sem_trywait -Wl,--wrap -Wl,sem_timedwait -Wl,--wrap -Wl,sem_post -Wl,--wrap -Wl,sem_getvalue'
RTAI_REAL_USER_CFLAGS='-O2  -Wall -Wstrict-prototypes -pipe -D__IN_RTAI__'
RTAI_TARGET_ARCH='x86'
RTAI_TARGET_ARCH_OPTS=' -msse -mpreferred-stack-boundary=4'
RTAI_TARGET_SUBARCH='64'
RTAI_USER_APP_CFLAGS='-O2  -Wall -Wstrict-prototypes -pipe'
RTAI_USER_CFLAGS='-I/usr/src/linux-headers-4.4.115-rtai-5.1+/include -O2  -Wall -Wstrict-prototypes -pipe -D__IN_RTAI__'
SED='/bin/sed'
SENSORS_LIBS='-lsensors'
SET_MAKE=''
SHELL='/bin/sh'
STRIP='strip'
VERSION='5.1'
XMKMF=''
X_CFLAGS=''
X_EXTRA_LIBS=''
X_LIBS=''
X_PRE_LIBS=''
ac_ct_AR=''
ac_ct_CC=''
ac_ct_CXX=''
ac_ct_DUMPBIN=''
am__EXEEXT_FALSE=''
am__EXEEXT_TRUE='#'
am__fastdepCCAS_FALSE='#'
am__fastdepCCAS_TRUE=''
am__fastdepCC_FALSE='#'
am__fastdepCC_TRUE=''
am__fastdepCXX_FALSE='#'
am__fastdepCXX_TRUE=''
am__include='include'
am__isrc=''
am__leading_dot='.'
am__nodep='_no'
am__quote=''
am__tar='$${TAR-tar} chof - "$$tardir"'
am__untar='$${TAR-tar} xf -'
bindir='${exec_prefix}/bin'
build='x86_64-unknown-linux-gnu'
build_alias='x86_64-unknown-linux-gnu'
build_cpu='x86_64'
build_os='linux-gnu'
build_vendor='unknown'
datadir='${datarootdir}'
datarootdir='${prefix}/share'
docdir='${datarootdir}/doc/${PACKAGE_TARNAME}'
dvidir='${docdir}'
exec_prefix='${prefix}'
host='x86_64-unknown-linux-gnu'
host_alias='x86_64-unknown-linux-gnu'
host_cpu='x86_64'
host_os='linux-gnu'
host_vendor='unknown'
htmldir='${docdir}'
includedir='${prefix}/include'
infodir='${datarootdir}/info'
install_sh='${SHELL} /home/bruce/ubuntu-kernel/v4.4.115-rtai5.1/rtai-5.1/base/config/autoconf/install-sh'
libdir='${exec_prefix}/lib'
libexecdir='${exec_prefix}/libexec'
localedir='${datarootdir}/locale'
localstatedir='${prefix}/var'
mandir='${datarootdir}/man'
mkdir_p='$(MKDIR_P)'
oldincludedir='/usr/include'
pdfdir='${docdir}'
prefix='/opt/rtai-5.1_v4.4.115'
program_transform_name='s,x,x,'
psdir='${docdir}'
sbindir='${exec_prefix}/sbin'
sharedstatedir='${prefix}/com'
subdirs=''
sysconfdir='${prefix}/etc'
target_alias=''

## ----------- ##
## confdefs.h. ##
## ----------- ##

/* confdefs.h */
#define PACKAGE_NAME "rtai"
#define PACKAGE_TARNAME "rtai"
#define PACKAGE_VERSION "5.1"
#define PACKAGE_STRING "rtai 5.1"
#define PACKAGE_BUGREPORT "rtai@rtai.org"
#define PACKAGE_URL ""
#define CONFIG_RTAI_BUILD_STRING "x86_64-unknown-linux-gnu"
#define CONFIG_RTAI_HOST_STRING "x86_64-unknown-linux-gnu"
#define CONFIG_RTAI_COMPILER "gcc version 6.2.0 20161005 (Ubuntu 6.2.0-5ubuntu12) "
#define PACKAGE "rtai"
#define VERSION "5.1"
#define STDC_HEADERS 1
#define HAVE_SYS_TYPES_H 1
#define HAVE_SYS_STAT_H 1
#define HAVE_STDLIB_H 1
#define HAVE_STRING_H 1
#define HAVE_MEMORY_H 1
#define HAVE_STRINGS_H 1
#define HAVE_INTTYPES_H 1
#define HAVE_STDINT_H 1
#define HAVE_UNISTD_H 1
#define HAVE_DLFCN_H 1
#define LT_OBJDIR ".libs/"
#define CONFIG_RTAI_IPIPE 1
#define CONFIG_RTAI_TSC 1
#define CONFIG_RTAI_HAVE_SENSORS 1
#define HAVE_PCI 1
#define CONFIG_RTAI_VERSION_MAJOR 5
#define CONFIG_RTAI_VERSION_MINOR 1
#define CONFIG_RTAI_REVISION_LEVEL 0
#define CONFIG_RTAI 1
#define CONFIG_RTAI_MOUNT_ON_LOAD 1
#define CONFIG_KBUILD 1
#define CONFIG_RTAI_CPUS 4
#define CONFIG_RTAI_FPU_SUPPORT 1
#define CONFIG_RTAI_BITS 1
#define CONFIG_RTAI_FIFOS 1
#define CONFIG_RTAI_NETRPC 1
#define CONFIG_RTAI_SEM 1
#define CONFIG_RTAI_MSG 1
#define CONFIG_RTAI_MBX 1
#define CONFIG_RTAI_TBX 1
#define CONFIG_RTAI_MQ 1
#define CONFIG_RTAI_SHM 1
#define CONFIG_RTAI_MALLOC 1
#define CONFIG_RTAI_MALLOC_VMALLOC 1
#define CONFIG_RTAI_TASKLETS 1
#define CONFIG_RTAI_WD 1
#define CONFIG_RTAI_DRIVERS_SERIAL 1
#define CONFIG_RTAI_DRIVERS_16550A 1
#define CONFIG_RTAI_16550A_PIO 1
#define CONFIG_RTAI_RTDM 1
#define CONFIG_RTAI_MALLOC_BUILTIN 1
#define CONFIG_RTAI_RTC_FREQ 0
#define CONFIG_RTAI_SCHED_8254_LATENCY 
#define CONFIG_RTAI_LATENCY_SELF_CALIBRATION_METRICS 1
#define CONFIG_RTAI_LATENCY_SELF_CALIBRATION_FREQ 10000
#define CONFIG_RTAI_LATENCY_SELF_CALIBRATION_CYCLES 10000
#define CONFIG_RTAI_SCHED_LXRT_NUMSLOTS 150
#define CONFIG_RTAI_RTDM_FD_MAX 128
#define CONFIG_RTAI_RTDM_SHIRQ 1
#define CONFIG_RTAI_RTDM_SELECT 1
#define CONFIG_RTAI_DEBUG_RTDM 1
#define CONFIG_RTAI_CAL_FREQS_FACT 0
#define CONFIG_RTAI_MONITOR_EXECTIME 1
#define CONFIG_RTAI_ALLOW_RR 1
#define CONFIG_RTAI_USE_NEWERR 1
#define CONFIG_RTAI_CLOCK_REALTIME 1
#define CONFIG_RTAI_IMMEDIATE_LINUX_SYSCALL 0
#define CONFIG_RTAI_ONE_SHOT 0
#define CONFIG_RTAI_MATH_LIBM_TO_USE 
#define CONFIG_RTAI_USER_BUSY_ALIGN_RET_DELAY 0
#define CONFIG_RTAI_KERN_BUSY_ALIGN_RET_DELAY 0
#define CONFIG_RTAI_DONT_DISPATCH_CORE_IRQS 0
#define CONFIG_RTAI_MALLOC_HEAPSZ 2048
#define CONFIG_RTAI_KSTACK_HEAPSZ 512
#define CONFIG_RTAI_FIFOS_TEMPLATE "/dev/rtf%d"
#define CONFIG_RTAI_INTERNAL_LXRT_SUPPORT 1
#define CONFIG_RTAI_INTERNAL_LXRT_INLINE 1

configure: exit 0
